Feb 22+ contribution history log initialized.
Daily update entry for 2026-02-22 17:33:00
Daily update entry for 2026-02-22 10:33:00
Daily update entry for 2026-02-22 17:27:00
Daily update entry for 2026-02-22 12:03:00
Daily update entry for 2026-02-22 12:48:00
Daily update entry for 2026-02-22 10:51:00
Daily update entry for 2026-02-22 13:15:00
Daily update entry for 2026-02-22 10:18:00
Daily update entry for 2026-02-22 12:55:00
Daily update entry for 2026-02-22 13:11:00
Daily update entry for 2026-02-22 12:18:00
Daily update entry for 2026-02-22 11:06:00
Daily update entry for 2026-02-22 14:45:00
Daily update entry for 2026-02-22 14:30:00
Daily update entry for 2026-02-22 19:05:00
Daily update entry for 2026-02-22 19:51:00
Daily update entry for 2026-02-22 12:41:00
Daily update entry for 2026-02-22 16:01:00
Daily update entry for 2026-02-22 12:42:00
Daily update entry for 2026-02-22 14:51:00
Daily update entry for 2026-02-22 12:38:00
Daily update entry for 2026-02-22 14:29:00
Daily update entry for 2026-02-22 16:42:00
Daily update entry for 2026-02-22 10:06:00
Daily update entry for 2026-02-22 16:59:00
Daily update entry for 2026-02-22 12:28:00
Daily update entry for 2026-02-22 13:18:00
Daily update entry for 2026-02-22 15:08:00
Daily update entry for 2026-02-22 10:20:00
Daily update entry for 2026-02-22 11:13:00
Daily update entry for 2026-02-22 19:59:00
Daily update entry for 2026-02-22 17:40:00
Daily update entry for 2026-02-22 15:58:00
Daily update entry for 2026-02-22 10:12:00
Daily update entry for 2026-02-22 13:20:00
Daily update entry for 2026-02-23 17:37:00
Daily update entry for 2026-02-23 15:29:00
Daily update entry for 2026-02-23 11:45:00
Daily update entry for 2026-02-23 10:26:00
Daily update entry for 2026-02-23 15:54:00
Daily update entry for 2026-02-23 17:36:00
Daily update entry for 2026-02-23 12:29:00
Daily update entry for 2026-02-23 15:33:00
Daily update entry for 2026-02-23 19:27:00
Daily update entry for 2026-02-23 18:21:00
Daily update entry for 2026-02-23 19:55:00
Daily update entry for 2026-02-23 15:23:00
Daily update entry for 2026-02-23 12:02:00
Daily update entry for 2026-02-23 15:26:00
Daily update entry for 2026-02-23 11:23:00
Daily update entry for 2026-02-23 15:33:00
Daily update entry for 2026-02-23 18:49:00
Daily update entry for 2026-02-23 19:37:00
Daily update entry for 2026-02-23 16:44:00
Daily update entry for 2026-02-23 14:46:00
Daily update entry for 2026-02-23 10:21:00
Daily update entry for 2026-02-23 19:03:00
Daily update entry for 2026-02-23 19:41:00
Daily update entry for 2026-02-23 19:03:00
Daily update entry for 2026-02-23 10:23:00
Daily update entry for 2026-02-23 13:22:00
Daily update entry for 2026-02-23 16:56:00
Daily update entry for 2026-02-23 10:33:00
Daily update entry for 2026-02-23 10:11:00
Daily update entry for 2026-02-23 14:40:00
Daily update entry for 2026-02-23 12:44:00
Daily update entry for 2026-02-23 11:27:00
Daily update entry for 2026-02-23 17:38:00
Daily update entry for 2026-02-23 14:29:00
Daily update entry for 2026-02-23 19:15:00
Daily update entry for 2026-02-23 12:33:00
Daily update entry for 2026-02-23 17:26:00
Daily update entry for 2026-02-23 17:31:00
Daily update entry for 2026-02-23 12:30:00
Daily update entry for 2026-02-24 19:46:00
Daily update entry for 2026-02-24 18:09:00
Daily update entry for 2026-02-24 19:02:00
Daily update entry for 2026-02-24 13:23:00
Daily update entry for 2026-02-24 17:18:00
Daily update entry for 2026-02-24 16:56:00
Daily update entry for 2026-02-24 11:42:00
Daily update entry for 2026-02-24 10:46:00
Daily update entry for 2026-02-24 13:00:00
Daily update entry for 2026-02-24 17:29:00
Daily update entry for 2026-02-24 10:49:00
Daily update entry for 2026-02-24 14:59:00
Daily update entry for 2026-02-24 10:11:00
Daily update entry for 2026-02-24 11:05:00
Daily update entry for 2026-02-24 11:35:00
Daily update entry for 2026-02-24 13:34:00
Daily update entry for 2026-02-24 10:37:00
Daily update entry for 2026-02-24 17:18:00
Daily update entry for 2026-02-24 11:17:00
Daily update entry for 2026-02-24 18:53:00
Daily update entry for 2026-02-24 16:59:00
Daily update entry for 2026-02-24 15:53:00
Daily update entry for 2026-02-24 14:50:00
Daily update entry for 2026-02-24 14:49:00
Daily update entry for 2026-02-24 15:10:00
Daily update entry for 2026-02-24 18:52:00
Daily update entry for 2026-02-24 17:56:00
Daily update entry for 2026-02-24 12:08:00
Daily update entry for 2026-02-24 10:34:00
Daily update entry for 2026-02-24 10:13:00
Daily update entry for 2026-02-24 11:38:00
Daily update entry for 2026-02-24 12:21:00
Daily update entry for 2026-02-24 10:29:00
Daily update entry for 2026-02-25 19:50:00
Daily update entry for 2026-02-25 13:21:00
Daily update entry for 2026-02-25 18:19:00
Daily update entry for 2026-02-25 12:45:00
Daily update entry for 2026-02-25 13:53:00
Daily update entry for 2026-02-25 19:05:00
Daily update entry for 2026-02-25 14:13:00
Daily update entry for 2026-02-25 18:40:00
Daily update entry for 2026-02-25 16:48:00
Daily update entry for 2026-02-25 14:05:00
Daily update entry for 2026-02-25 15:33:00
Daily update entry for 2026-02-25 10:56:00
Daily update entry for 2026-02-25 15:33:00
Daily update entry for 2026-02-25 11:20:00
Daily update entry for 2026-02-25 17:56:00
Daily update entry for 2026-02-25 16:05:00
Daily update entry for 2026-02-25 19:48:00
Daily update entry for 2026-02-25 17:43:00
Daily update entry for 2026-02-25 10:29:00
Daily update entry for 2026-02-25 10:49:00
Daily update entry for 2026-02-25 14:06:00
Daily update entry for 2026-02-25 10:49:00
Daily update entry for 2026-02-25 13:52:00
Daily update entry for 2026-02-25 12:31:00
Daily update entry for 2026-02-25 11:53:00
Daily update entry for 2026-02-25 11:40:00
Daily update entry for 2026-02-25 12:50:00
Daily update entry for 2026-02-25 13:02:00
Daily update entry for 2026-02-25 13:40:00
Daily update entry for 2026-02-25 19:38:00
Daily update entry for 2026-02-25 14:09:00
Daily update entry for 2026-02-25 17:26:00
Daily update entry for 2026-02-25 11:25:00
Daily update entry for 2026-02-25 11:48:00
Daily update entry for 2026-02-26 10:13:00
Daily update entry for 2026-02-26 11:00:00
Daily update entry for 2026-02-26 18:00:00
Daily update entry for 2026-02-26 15:48:00
Daily update entry for 2026-02-26 15:20:00
Daily update entry for 2026-02-26 19:28:00
Daily update entry for 2026-02-26 16:01:00
Daily update entry for 2026-02-26 15:20:00
Daily update entry for 2026-02-26 15:00:00
Daily update entry for 2026-02-26 19:44:00
Daily update entry for 2026-02-26 19:35:00
Daily update entry for 2026-02-26 12:18:00
Daily update entry for 2026-02-26 18:13:00
Daily update entry for 2026-02-26 12:28:00
Daily update entry for 2026-02-26 13:03:00
Daily update entry for 2026-02-26 14:33:00
Daily update entry for 2026-02-26 10:05:00
Daily update entry for 2026-02-26 11:23:00
Daily update entry for 2026-02-26 14:49:00
Daily update entry for 2026-02-26 11:03:00
Daily update entry for 2026-02-26 11:42:00
Daily update entry for 2026-02-26 18:12:00
Daily update entry for 2026-02-26 19:56:00
Daily update entry for 2026-02-26 17:39:00
Daily update entry for 2026-02-26 10:32:00
Daily update entry for 2026-02-26 19:02:00
Daily update entry for 2026-02-26 13:59:00
Daily update entry for 2026-02-26 12:42:00
Daily update entry for 2026-02-26 19:56:00
Daily update entry for 2026-02-26 18:53:00
Daily update entry for 2026-02-26 11:30:00
Daily update entry for 2026-02-26 12:51:00
Daily update entry for 2026-02-26 13:04:00
Daily update entry for 2026-02-26 11:20:00
Daily update entry for 2026-02-26 10:00:00
Daily update entry for 2026-02-27 19:04:00
Daily update entry for 2026-02-27 15:52:00
Daily update entry for 2026-02-27 18:56:00
Daily update entry for 2026-02-27 15:27:00
Daily update entry for 2026-02-27 15:24:00
Daily update entry for 2026-02-27 11:21:00
Daily update entry for 2026-02-27 12:24:00
Daily update entry for 2026-02-27 12:32:00
Daily update entry for 2026-02-27 16:10:00
Daily update entry for 2026-02-27 13:24:00
Daily update entry for 2026-02-27 10:38:00
Daily update entry for 2026-02-27 14:34:00
Daily update entry for 2026-02-27 10:44:00
Daily update entry for 2026-02-27 12:46:00
Daily update entry for 2026-02-27 16:14:00
Daily update entry for 2026-02-27 13:50:00
Daily update entry for 2026-02-27 17:07:00
Daily update entry for 2026-02-27 14:03:00
Daily update entry for 2026-02-27 18:31:00
Daily update entry for 2026-02-27 14:57:00
Daily update entry for 2026-02-27 10:08:00
Daily update entry for 2026-02-27 16:38:00
Daily update entry for 2026-02-27 19:08:00
Daily update entry for 2026-02-27 14:13:00
Daily update entry for 2026-02-27 14:50:00
Daily update entry for 2026-02-27 12:27:00
Daily update entry for 2026-02-27 12:38:00
Daily update entry for 2026-02-27 13:34:00
Daily update entry for 2026-02-27 11:54:00
Daily update entry for 2026-02-27 15:14:00
Daily update entry for 2026-02-27 18:16:00
Daily update entry for 2026-02-27 13:21:00
Daily update entry for 2026-02-27 12:42:00
Daily update entry for 2026-02-27 14:50:00
Daily update entry for 2026-02-27 17:31:00
Daily update entry for 2026-02-27 14:12:00
Daily update entry for 2026-02-27 13:00:00
Daily update entry for 2026-02-27 17:22:00
Daily update entry for 2026-02-27 19:39:00
Daily update entry for 2026-02-27 18:57:00
Daily update entry for 2026-02-28 12:28:00
Daily update entry for 2026-02-28 16:25:00
Daily update entry for 2026-02-28 14:26:00
Daily update entry for 2026-02-28 12:28:00
Daily update entry for 2026-02-28 17:05:00
Daily update entry for 2026-02-28 18:18:00
Daily update entry for 2026-02-28 16:22:00
Daily update entry for 2026-02-28 14:05:00
Daily update entry for 2026-02-28 13:14:00
Daily update entry for 2026-02-28 13:07:00
Daily update entry for 2026-02-28 12:29:00
Daily update entry for 2026-02-28 11:54:00
Daily update entry for 2026-02-28 10:22:00
Daily update entry for 2026-02-28 15:04:00
Daily update entry for 2026-02-28 16:00:00
Daily update entry for 2026-02-28 19:48:00
Daily update entry for 2026-02-28 15:48:00
Daily update entry for 2026-02-28 11:33:00
Daily update entry for 2026-02-28 19:23:00
Daily update entry for 2026-02-28 17:36:00
Daily update entry for 2026-02-28 16:25:00
Daily update entry for 2026-02-28 11:07:00
Daily update entry for 2026-02-28 19:11:00
Daily update entry for 2026-02-28 12:05:00
Daily update entry for 2026-02-28 13:02:00
Daily update entry for 2026-02-28 13:30:00
Daily update entry for 2026-02-28 18:28:00
Daily update entry for 2026-02-28 14:50:00
Daily update entry for 2026-02-28 15:05:00
Daily update entry for 2026-02-28 11:24:00
Daily update entry for 2026-02-28 14:12:00
Daily update entry for 2026-02-28 12:42:00
Daily update entry for 2026-02-28 17:21:00
Daily update entry for 2026-02-28 17:21:00
Daily update entry for 2026-02-28 16:55:00
Daily update entry for 2026-02-28 16:22:00
Daily update entry for 2026-02-28 19:20:00
Daily update entry for 2026-03-01 18:57:00
Daily update entry for 2026-03-01 11:19:00
Daily update entry for 2026-03-01 13:41:00
Daily update entry for 2026-03-01 11:53:00
Daily update entry for 2026-03-01 13:01:00
Daily update entry for 2026-03-01 19:47:00
Daily update entry for 2026-03-01 13:16:00
Daily update entry for 2026-03-01 11:26:00
Daily update entry for 2026-03-01 15:41:00
Daily update entry for 2026-03-01 14:31:00
Daily update entry for 2026-03-01 16:54:00
Daily update entry for 2026-03-01 11:18:00
Daily update entry for 2026-03-01 11:26:00
Daily update entry for 2026-03-01 12:35:00
Daily update entry for 2026-03-01 12:07:00
Daily update entry for 2026-03-01 15:12:00
Daily update entry for 2026-03-01 11:25:00
Daily update entry for 2026-03-01 15:16:00
Daily update entry for 2026-03-01 18:15:00
Daily update entry for 2026-03-01 17:24:00
Daily update entry for 2026-03-01 12:29:00
Daily update entry for 2026-03-01 12:27:00
Daily update entry for 2026-03-01 12:05:00
Daily update entry for 2026-03-01 19:42:00
Daily update entry for 2026-03-01 19:10:00
Daily update entry for 2026-03-01 17:08:00
Daily update entry for 2026-03-01 16:02:00
Daily update entry for 2026-03-01 16:42:00
Daily update entry for 2026-03-01 19:58:00
Daily update entry for 2026-03-01 15:00:00
Daily update entry for 2026-03-01 17:18:00
Daily update entry for 2026-03-01 16:48:00
Daily update entry for 2026-03-01 13:11:00
Daily update entry for 2026-03-02 17:30:00
Daily update entry for 2026-03-02 10:39:00
Daily update entry for 2026-03-02 16:17:00
Daily update entry for 2026-03-02 14:14:00
Daily update entry for 2026-03-02 19:52:00
Daily update entry for 2026-03-02 16:23:00
Daily update entry for 2026-03-02 13:16:00
Daily update entry for 2026-03-02 17:12:00
Daily update entry for 2026-03-02 20:00:00
Daily update entry for 2026-03-02 14:06:00
Daily update entry for 2026-03-02 11:16:00
Daily update entry for 2026-03-02 19:19:00
Daily update entry for 2026-03-02 16:19:00
Daily update entry for 2026-03-02 10:56:00
Daily update entry for 2026-03-02 12:53:00
Daily update entry for 2026-03-02 13:03:00
Daily update entry for 2026-03-02 13:04:00
Daily update entry for 2026-03-02 17:40:00
Daily update entry for 2026-03-02 14:34:00
Daily update entry for 2026-03-02 13:04:00
Daily update entry for 2026-03-02 10:53:00
Daily update entry for 2026-03-02 15:08:00
Daily update entry for 2026-03-02 17:38:00
Daily update entry for 2026-03-02 15:51:00
Daily update entry for 2026-03-02 17:59:00
Daily update entry for 2026-03-02 19:15:00
Daily update entry for 2026-03-02 18:01:00
Daily update entry for 2026-03-02 10:10:00
Daily update entry for 2026-03-02 18:47:00
Daily update entry for 2026-03-02 18:57:00
Daily update entry for 2026-03-02 11:12:00
Daily update entry for 2026-03-02 15:00:00
Daily update entry for 2026-03-02 18:47:00
Daily update entry for 2026-03-02 16:00:00
Daily update entry for 2026-03-02 16:48:00
Daily update entry for 2026-03-03 15:13:00
Daily update entry for 2026-03-03 10:42:00
Daily update entry for 2026-03-03 10:22:00
Daily update entry for 2026-03-03 18:27:00
Daily update entry for 2026-03-03 12:28:00
Daily update entry for 2026-03-03 12:08:00
Daily update entry for 2026-03-03 12:59:00
Daily update entry for 2026-03-03 19:04:00
Daily update entry for 2026-03-03 10:48:00
Daily update entry for 2026-03-03 10:29:00
Daily update entry for 2026-03-03 19:31:00
Daily update entry for 2026-03-03 16:26:00
Daily update entry for 2026-03-03 18:21:00
Daily update entry for 2026-03-03 12:04:00
Daily update entry for 2026-03-03 15:10:00
Daily update entry for 2026-03-03 14:34:00
Daily update entry for 2026-03-03 18:15:00
Daily update entry for 2026-03-03 18:26:00
Daily update entry for 2026-03-03 17:15:00
Daily update entry for 2026-03-03 14:03:00
Daily update entry for 2026-03-03 11:29:00
Daily update entry for 2026-03-03 17:15:00
Daily update entry for 2026-03-03 10:50:00
Daily update entry for 2026-03-03 12:50:00
Daily update entry for 2026-03-03 18:35:00
Daily update entry for 2026-03-03 19:19:00
Daily update entry for 2026-03-03 11:52:00
Daily update entry for 2026-03-03 11:38:00
Daily update entry for 2026-03-03 19:43:00
Daily update entry for 2026-03-03 18:26:00
Daily update entry for 2026-03-03 18:20:00
Daily update entry for 2026-03-03 13:13:00
Daily update entry for 2026-03-03 12:23:00
Daily update entry for 2026-03-03 12:26:00
Daily update entry for 2026-03-03 13:59:00
Daily update entry for 2026-03-03 15:42:00
Daily update entry for 2026-03-03 18:56:00
Daily update entry for 2026-03-04 11:27:00
Daily update entry for 2026-03-04 16:33:00
Daily update entry for 2026-03-04 19:54:00
Daily update entry for 2026-03-04 13:47:00
Daily update entry for 2026-03-04 18:31:00
Daily update entry for 2026-03-04 13:48:00
Daily update entry for 2026-03-04 19:55:00
Daily update entry for 2026-03-04 12:53:00
Daily update entry for 2026-03-04 16:11:00
Daily update entry for 2026-03-04 14:46:00
Daily update entry for 2026-03-04 16:09:00
Daily update entry for 2026-03-04 19:20:00
Daily update entry for 2026-03-04 17:16:00
Daily update entry for 2026-03-04 13:10:00
Daily update entry for 2026-03-04 18:58:00
Daily update entry for 2026-03-04 17:15:00
Daily update entry for 2026-03-04 19:12:00
Daily update entry for 2026-03-04 10:53:00
Daily update entry for 2026-03-04 15:25:00
Daily update entry for 2026-03-04 13:35:00
Daily update entry for 2026-03-04 10:02:00
Daily update entry for 2026-03-04 10:57:00
Daily update entry for 2026-03-04 19:56:00
Daily update entry for 2026-03-04 19:56:00
Daily update entry for 2026-03-04 19:17:00
Daily update entry for 2026-03-04 15:33:00
Daily update entry for 2026-03-04 12:30:00
Daily update entry for 2026-03-04 14:38:00
Daily update entry for 2026-03-04 14:45:00
Daily update entry for 2026-03-04 13:11:00
Daily update entry for 2026-03-04 11:01:00
Daily update entry for 2026-03-04 16:51:00
Daily update entry for 2026-03-04 15:49:00
Daily update entry for 2026-03-04 12:14:00
Daily update entry for 2026-03-04 14:09:00
Daily update entry for 2026-03-04 18:08:00
Daily update entry for 2026-03-05 15:19:00
Daily update entry for 2026-03-05 19:03:00
Daily update entry for 2026-03-05 17:06:00
Daily update entry for 2026-03-05 13:39:00
Daily update entry for 2026-03-05 13:55:00
Daily update entry for 2026-03-05 10:30:00
Daily update entry for 2026-03-05 15:14:00
Daily update entry for 2026-03-05 14:58:00
Daily update entry for 2026-03-05 16:38:00
Daily update entry for 2026-03-05 16:30:00
Daily update entry for 2026-03-05 19:13:00
Daily update entry for 2026-03-05 11:02:00
Daily update entry for 2026-03-05 18:24:00
Daily update entry for 2026-03-05 10:36:00
Daily update entry for 2026-03-05 16:47:00
Daily update entry for 2026-03-05 10:09:00
Daily update entry for 2026-03-05 15:38:00
Daily update entry for 2026-03-05 16:32:00
Daily update entry for 2026-03-05 14:19:00
Daily update entry for 2026-03-05 16:12:00
Daily update entry for 2026-03-05 13:40:00
Daily update entry for 2026-03-05 10:42:00
Daily update entry for 2026-03-05 18:59:00
Daily update entry for 2026-03-05 19:44:00
Daily update entry for 2026-03-05 19:28:00
Daily update entry for 2026-03-05 12:26:00
Daily update entry for 2026-03-05 19:00:00
Daily update entry for 2026-03-05 11:13:00
Daily update entry for 2026-03-05 14:31:00
Daily update entry for 2026-03-05 12:52:00
Daily update entry for 2026-03-05 19:29:00
Daily update entry for 2026-03-05 11:17:00
Daily update entry for 2026-03-05 11:54:00
Daily update entry for 2026-03-05 16:52:00
Daily update entry for 2026-03-05 17:55:00
Daily update entry for 2026-03-05 16:36:00
Daily update entry for 2026-03-05 18:38:00
Daily update entry for 2026-03-05 13:00:00
Daily update entry for 2026-03-05 15:36:00
Daily update entry for 2026-03-06 19:09:00
Daily update entry for 2026-03-06 14:36:00
Daily update entry for 2026-03-06 10:59:00
Daily update entry for 2026-03-06 10:12:00
Daily update entry for 2026-03-06 18:44:00
Daily update entry for 2026-03-06 11:07:00
Daily update entry for 2026-03-06 14:46:00
Daily update entry for 2026-03-06 17:11:00
Daily update entry for 2026-03-06 13:44:00
Daily update entry for 2026-03-06 14:00:00
Daily update entry for 2026-03-06 15:25:00
Daily update entry for 2026-03-06 13:59:00
Daily update entry for 2026-03-06 12:09:00
Daily update entry for 2026-03-06 12:28:00
Daily update entry for 2026-03-06 13:04:00
Daily update entry for 2026-03-06 11:34:00
Daily update entry for 2026-03-06 14:57:00
Daily update entry for 2026-03-06 10:07:00
Daily update entry for 2026-03-06 16:24:00
Daily update entry for 2026-03-06 11:03:00
Daily update entry for 2026-03-06 15:58:00
Daily update entry for 2026-03-06 17:04:00
Daily update entry for 2026-03-06 13:23:00
Daily update entry for 2026-03-06 14:08:00
Daily update entry for 2026-03-06 19:06:00
Daily update entry for 2026-03-06 14:56:00
Daily update entry for 2026-03-06 16:09:00
Daily update entry for 2026-03-06 15:42:00
Daily update entry for 2026-03-06 13:07:00
Daily update entry for 2026-03-06 14:13:00
Daily update entry for 2026-03-06 16:10:00
Daily update entry for 2026-03-06 14:17:00
Daily update entry for 2026-03-06 12:41:00
Daily update entry for 2026-03-06 15:31:00
Daily update entry for 2026-03-06 10:38:00
Daily update entry for 2026-03-06 19:41:00
Daily update entry for 2026-03-06 15:52:00
Daily update entry for 2026-03-07 16:11:00
Daily update entry for 2026-03-07 15:34:00
Daily update entry for 2026-03-07 10:00:00
Daily update entry for 2026-03-07 16:02:00
Daily update entry for 2026-03-07 12:33:00
Daily update entry for 2026-03-07 11:00:00
Daily update entry for 2026-03-07 19:51:00
Daily update entry for 2026-03-07 17:49:00
Daily update entry for 2026-03-07 18:17:00
Daily update entry for 2026-03-07 12:05:00
Daily update entry for 2026-03-07 13:35:00
Daily update entry for 2026-03-07 11:14:00
Daily update entry for 2026-03-07 16:44:00
Daily update entry for 2026-03-07 15:58:00
Daily update entry for 2026-03-07 17:01:00
Daily update entry for 2026-03-07 14:21:00
Daily update entry for 2026-03-07 17:12:00
Daily update entry for 2026-03-07 11:59:00
Daily update entry for 2026-03-07 17:22:00
Daily update entry for 2026-03-07 15:07:00
Daily update entry for 2026-03-07 18:45:00
Daily update entry for 2026-03-07 10:36:00
Daily update entry for 2026-03-07 11:55:00
Daily update entry for 2026-03-07 12:36:00
Daily update entry for 2026-03-07 15:23:00
Daily update entry for 2026-03-07 13:45:00
Daily update entry for 2026-03-07 11:30:00
Daily update entry for 2026-03-07 11:40:00
Daily update entry for 2026-03-07 17:24:00
Daily update entry for 2026-03-07 11:41:00
Daily update entry for 2026-03-07 10:17:00
Daily update entry for 2026-03-07 15:48:00
Daily update entry for 2026-03-07 10:39:00
Daily update entry for 2026-03-08 16:54:00
Daily update entry for 2026-03-08 16:47:00
Daily update entry for 2026-03-08 18:04:00
Daily update entry for 2026-03-08 14:50:00
Daily update entry for 2026-03-08 16:21:00
Daily update entry for 2026-03-08 13:49:00
Daily update entry for 2026-03-08 16:33:00
Daily update entry for 2026-03-08 15:56:00
Daily update entry for 2026-03-08 11:01:00
Daily update entry for 2026-03-08 18:24:00
Daily update entry for 2026-03-08 12:03:00
Daily update entry for 2026-03-08 12:03:00
Daily update entry for 2026-03-08 19:16:00
Daily update entry for 2026-03-08 10:20:00
Daily update entry for 2026-03-08 12:35:00
Daily update entry for 2026-03-08 19:04:00
Daily update entry for 2026-03-08 10:32:00
Daily update entry for 2026-03-08 19:23:00
Daily update entry for 2026-03-08 14:18:00
Daily update entry for 2026-03-08 18:29:00
Daily update entry for 2026-03-08 17:21:00
Daily update entry for 2026-03-08 17:31:00
Daily update entry for 2026-03-08 14:14:00
Daily update entry for 2026-03-08 12:00:00
Daily update entry for 2026-03-08 19:16:00
Daily update entry for 2026-03-08 11:01:00
Daily update entry for 2026-03-08 16:23:00
Daily update entry for 2026-03-08 19:07:00
Daily update entry for 2026-03-08 10:09:00
Daily update entry for 2026-03-08 12:48:00
Daily update entry for 2026-03-08 14:55:00
Daily update entry for 2026-03-08 17:33:00
Daily update entry for 2026-03-08 19:12:00
Daily update entry for 2026-03-08 15:32:00
Daily update entry for 2026-03-08 14:44:00
Daily update entry for 2026-03-08 19:41:00
Daily update entry for 2026-03-08 15:06:00
Daily update entry for 2026-03-09 19:18:00
Daily update entry for 2026-03-09 11:37:00
Daily update entry for 2026-03-09 11:30:00
Daily update entry for 2026-03-09 16:38:00
Daily update entry for 2026-03-09 16:50:00
Daily update entry for 2026-03-09 19:59:00
Daily update entry for 2026-03-09 10:00:00
Daily update entry for 2026-03-09 10:31:00
Daily update entry for 2026-03-09 13:46:00
Daily update entry for 2026-03-09 10:31:00
Daily update entry for 2026-03-09 15:24:00
Daily update entry for 2026-03-09 10:04:00
Daily update entry for 2026-03-09 19:58:00
Daily update entry for 2026-03-09 11:23:00
Daily update entry for 2026-03-09 11:25:00
Daily update entry for 2026-03-09 11:26:00
Daily update entry for 2026-03-09 14:18:00
Daily update entry for 2026-03-09 15:29:00
Daily update entry for 2026-03-09 15:16:00
Daily update entry for 2026-03-09 15:26:00
Daily update entry for 2026-03-09 15:00:00
Daily update entry for 2026-03-09 13:12:00
Daily update entry for 2026-03-09 19:32:00
Daily update entry for 2026-03-09 19:08:00
Daily update entry for 2026-03-09 19:02:00
Daily update entry for 2026-03-09 12:59:00
Daily update entry for 2026-03-09 15:41:00
Daily update entry for 2026-03-09 16:27:00
Daily update entry for 2026-03-09 15:38:00
Daily update entry for 2026-03-09 18:31:00
Daily update entry for 2026-03-09 19:57:00
Daily update entry for 2026-03-09 14:00:00
Daily update entry for 2026-03-09 14:05:00
Daily update entry for 2026-03-09 17:53:00
Daily update entry for 2026-03-09 17:42:00
Daily update entry for 2026-03-09 14:16:00
Daily update entry for 2026-03-10 18:55:00
Daily update entry for 2026-03-10 17:37:00
Daily update entry for 2026-03-10 15:33:00
Daily update entry for 2026-03-10 15:39:00
Daily update entry for 2026-03-10 15:02:00
Daily update entry for 2026-03-10 12:38:00
Daily update entry for 2026-03-10 10:46:00
Daily update entry for 2026-03-10 18:34:00
Daily update entry for 2026-03-10 12:58:00
Daily update entry for 2026-03-10 16:26:00
Daily update entry for 2026-03-10 13:22:00
Daily update entry for 2026-03-10 13:52:00
Daily update entry for 2026-03-10 13:45:00
Daily update entry for 2026-03-10 17:49:00
Daily update entry for 2026-03-10 18:51:00
Daily update entry for 2026-03-10 10:45:00
Daily update entry for 2026-03-10 12:56:00
Daily update entry for 2026-03-10 18:56:00
Daily update entry for 2026-03-10 11:59:00
Daily update entry for 2026-03-10 15:39:00
Daily update entry for 2026-03-10 14:38:00
Daily update entry for 2026-03-10 16:52:00
Daily update entry for 2026-03-10 17:49:00
Daily update entry for 2026-03-10 15:17:00
Daily update entry for 2026-03-10 16:30:00
Daily update entry for 2026-03-10 17:34:00
Daily update entry for 2026-03-10 13:52:00
Daily update entry for 2026-03-10 14:16:00
Daily update entry for 2026-03-10 14:05:00
Daily update entry for 2026-03-10 14:20:00
Daily update entry for 2026-03-10 17:36:00
Daily update entry for 2026-03-10 18:07:00
Daily update entry for 2026-03-10 11:17:00
Daily update entry for 2026-03-10 19:32:00
Daily update entry for 2026-03-10 12:10:00
Daily update entry for 2026-03-10 14:31:00
Daily update entry for 2026-03-10 13:35:00
Daily update entry for 2026-03-11 17:14:00
Daily update entry for 2026-03-11 17:13:00
Daily update entry for 2026-03-11 13:03:00
Daily update entry for 2026-03-11 11:06:00
Daily update entry for 2026-03-11 19:20:00
Daily update entry for 2026-03-11 19:53:00
Daily update entry for 2026-03-11 12:07:00
Daily update entry for 2026-03-11 10:46:00
Daily update entry for 2026-03-11 14:04:00
Daily update entry for 2026-03-11 14:21:00
Daily update entry for 2026-03-11 10:40:00
Daily update entry for 2026-03-11 11:47:00
Daily update entry for 2026-03-11 13:19:00
Daily update entry for 2026-03-11 14:54:00
Daily update entry for 2026-03-11 17:21:00
Daily update entry for 2026-03-11 13:25:00
Daily update entry for 2026-03-11 16:59:00
Daily update entry for 2026-03-11 19:31:00
Daily update entry for 2026-03-11 19:26:00
Daily update entry for 2026-03-11 18:37:00
Daily update entry for 2026-03-11 12:36:00
Daily update entry for 2026-03-11 11:14:00
Daily update entry for 2026-03-11 17:37:00
Daily update entry for 2026-03-11 17:44:00
Daily update entry for 2026-03-11 14:08:00
Daily update entry for 2026-03-11 13:57:00
Daily update entry for 2026-03-11 19:58:00
Daily update entry for 2026-03-11 12:28:00
Daily update entry for 2026-03-11 13:08:00
Daily update entry for 2026-03-11 14:34:00
Daily update entry for 2026-03-11 18:35:00
Daily update entry for 2026-03-11 18:21:00
Daily update entry for 2026-03-11 15:07:00
Daily update entry for 2026-03-11 13:21:00
Daily update entry for 2026-03-11 19:19:00
Daily update entry for 2026-03-11 15:56:00
Daily update entry for 2026-03-11 10:52:00
Daily update entry for 2026-03-11 15:35:00
Daily update entry for 2026-03-12 11:22:00
Daily update entry for 2026-03-12 19:55:00
Daily update entry for 2026-03-12 16:34:00
Daily update entry for 2026-03-12 16:47:00
Daily update entry for 2026-03-12 13:41:00
Daily update entry for 2026-03-12 18:44:00
Daily update entry for 2026-03-12 10:29:00
Daily update entry for 2026-03-12 11:32:00
Daily update entry for 2026-03-12 12:50:00
Daily update entry for 2026-03-12 17:20:00
Daily update entry for 2026-03-12 18:35:00
Daily update entry for 2026-03-12 18:55:00
Daily update entry for 2026-03-12 15:19:00
Daily update entry for 2026-03-12 17:07:00
Daily update entry for 2026-03-12 18:59:00
Daily update entry for 2026-03-12 13:54:00
Daily update entry for 2026-03-12 12:31:00
Daily update entry for 2026-03-12 17:54:00
Daily update entry for 2026-03-12 18:36:00
Daily update entry for 2026-03-12 12:51:00
Daily update entry for 2026-03-12 15:10:00
Daily update entry for 2026-03-12 10:12:00
Daily update entry for 2026-03-12 12:46:00
Daily update entry for 2026-03-12 18:17:00
Daily update entry for 2026-03-12 18:12:00
Daily update entry for 2026-03-12 15:05:00
Daily update entry for 2026-03-12 16:37:00
Daily update entry for 2026-03-12 11:07:00
Daily update entry for 2026-03-12 12:29:00
Daily update entry for 2026-03-12 10:01:00
Daily update entry for 2026-03-12 15:58:00
Daily update entry for 2026-03-12 11:15:00
Daily update entry for 2026-03-12 10:44:00
Daily update entry for 2026-03-12 13:57:00
Daily update entry for 2026-03-12 18:46:00
Daily update entry for 2026-03-12 13:37:00
Daily update entry for 2026-03-12 19:02:00
Daily update entry for 2026-03-12 16:28:00

Gap filler initialized on 2026-03-12 19:49:11.290752.
System gap fill entry for 2025-12-21 17:13:00
System gap fill entry for 2025-12-21 11:44:00
System gap fill entry for 2025-12-21 11:03:00
System gap fill entry for 2025-12-21 11:34:00
System gap fill entry for 2025-12-21 13:55:00
System gap fill entry for 2025-12-21 12:08:00
System gap fill entry for 2025-12-21 17:38:00
System gap fill entry for 2025-12-21 17:27:00
System gap fill entry for 2025-12-21 11:51:00
System gap fill entry for 2025-12-21 14:07:00
System gap fill entry for 2025-12-22 12:26:00
System gap fill entry for 2025-12-22 15:10:00
System gap fill entry for 2025-12-22 10:05:00
System gap fill entry for 2025-12-22 13:34:00
System gap fill entry for 2025-12-22 17:19:00
System gap fill entry for 2025-12-22 18:16:00
System gap fill entry for 2025-12-22 19:32:00
System gap fill entry for 2025-12-22 17:20:00
System gap fill entry for 2025-12-22 16:29:00
System gap fill entry for 2025-12-22 13:34:00
System gap fill entry for 2025-12-22 15:18:00
System gap fill entry for 2025-12-22 17:22:00
System gap fill entry for 2025-12-22 11:02:00
System gap fill entry for 2025-12-22 11:07:00
System gap fill entry for 2025-12-22 11:00:00
System gap fill entry for 2025-12-23 11:58:00
System gap fill entry for 2025-12-23 11:25:00
System gap fill entry for 2025-12-23 18:26:00
System gap fill entry for 2025-12-23 16:23:00
System gap fill entry for 2025-12-23 10:08:00
System gap fill entry for 2025-12-23 12:08:00
System gap fill entry for 2025-12-23 17:10:00
System gap fill entry for 2025-12-23 18:14:00
System gap fill entry for 2025-12-23 15:19:00
System gap fill entry for 2025-12-23 19:17:00
System gap fill entry for 2025-12-23 12:21:00
System gap fill entry for 2025-12-23 17:11:00
System gap fill entry for 2025-12-23 19:55:00
System gap fill entry for 2025-12-23 11:07:00
System gap fill entry for 2025-12-23 17:14:00
System gap fill entry for 2025-12-23 18:54:00
System gap fill entry for 2025-12-24 16:36:00
System gap fill entry for 2025-12-24 16:49:00
System gap fill entry for 2025-12-24 12:13:00
System gap fill entry for 2025-12-24 10:54:00
System gap fill entry for 2025-12-24 13:03:00
System gap fill entry for 2025-12-24 13:53:00
System gap fill entry for 2025-12-24 11:04:00
System gap fill entry for 2025-12-24 11:09:00
System gap fill entry for 2025-12-24 15:43:00
System gap fill entry for 2025-12-24 11:58:00
System gap fill entry for 2025-12-25 12:45:00
System gap fill entry for 2025-12-25 11:02:00
System gap fill entry for 2025-12-25 19:23:00
System gap fill entry for 2025-12-25 19:13:00
System gap fill entry for 2025-12-25 11:06:00
System gap fill entry for 2025-12-25 11:24:00
System gap fill entry for 2025-12-25 10:26:00
System gap fill entry for 2025-12-25 17:34:00
System gap fill entry for 2025-12-25 12:05:00
System gap fill entry for 2025-12-25 18:56:00
System gap fill entry for 2025-12-25 18:28:00
System gap fill entry for 2025-12-25 14:38:00
System gap fill entry for 2025-12-25 16:46:00
System gap fill entry for 2025-12-25 17:40:00
System gap fill entry for 2025-12-26 11:48:00
System gap fill entry for 2025-12-26 16:41:00
System gap fill entry for 2025-12-26 19:30:00
System gap fill entry for 2025-12-26 13:56:00
System gap fill entry for 2025-12-26 16:45:00
System gap fill entry for 2025-12-26 15:04:00
System gap fill entry for 2025-12-26 19:05:00
System gap fill entry for 2025-12-26 16:07:00
System gap fill entry for 2025-12-26 18:41:00
System gap fill entry for 2025-12-26 19:32:00
System gap fill entry for 2025-12-26 14:03:00
System gap fill entry for 2025-12-26 17:03:00
System gap fill entry for 2025-12-26 19:13:00
System gap fill entry for 2025-12-26 12:44:00
System gap fill entry for 2025-12-27 15:01:00
System gap fill entry for 2025-12-27 10:39:00
System gap fill entry for 2025-12-27 16:13:00
System gap fill entry for 2025-12-27 18:09:00
System gap fill entry for 2025-12-27 16:38:00
System gap fill entry for 2025-12-27 12:22:00
System gap fill entry for 2025-12-27 12:54:00
System gap fill entry for 2025-12-27 16:46:00
System gap fill entry for 2025-12-27 10:15:00
System gap fill entry for 2025-12-27 13:22:00
System gap fill entry for 2025-12-27 11:06:00
System gap fill entry for 2025-12-27 13:47:00
System gap fill entry for 2025-12-27 19:28:00
System gap fill entry for 2025-12-27 15:26:00
System gap fill entry for 2025-12-27 19:10:00
System gap fill entry for 2025-12-27 12:23:00
System gap fill entry for 2025-12-27 18:26:00
System gap fill entry for 2025-12-27 18:14:00
System gap fill entry for 2025-12-28 14:16:00
System gap fill entry for 2025-12-28 11:43:00
System gap fill entry for 2025-12-28 13:24:00
System gap fill entry for 2025-12-28 13:19:00
System gap fill entry for 2025-12-28 17:46:00
System gap fill entry for 2025-12-28 17:35:00
System gap fill entry for 2025-12-28 11:35:00
System gap fill entry for 2025-12-28 11:48:00
System gap fill entry for 2025-12-28 12:55:00
System gap fill entry for 2025-12-28 19:54:00
System gap fill entry for 2025-12-28 15:32:00
System gap fill entry for 2025-12-29 17:40:00
System gap fill entry for 2025-12-29 14:19:00
System gap fill entry for 2025-12-29 16:07:00
System gap fill entry for 2025-12-29 11:53:00
System gap fill entry for 2025-12-29 13:43:00
System gap fill entry for 2025-12-29 15:32:00
System gap fill entry for 2025-12-29 17:30:00
System gap fill entry for 2025-12-29 17:09:00
System gap fill entry for 2025-12-29 18:10:00
System gap fill entry for 2025-12-29 19:04:00
System gap fill entry for 2025-12-29 17:10:00
System gap fill entry for 2025-12-29 11:27:00
System gap fill entry for 2025-12-29 18:59:00
System gap fill entry for 2025-12-29 19:39:00
System gap fill entry for 2025-12-29 15:50:00
System gap fill entry for 2025-12-30 16:56:00
System gap fill entry for 2025-12-30 13:16:00
System gap fill entry for 2025-12-30 14:15:00
System gap fill entry for 2025-12-30 15:18:00
System gap fill entry for 2025-12-30 10:41:00
System gap fill entry for 2025-12-30 14:46:00
System gap fill entry for 2025-12-30 15:27:00
System gap fill entry for 2025-12-30 10:47:00
System gap fill entry for 2025-12-30 11:26:00
System gap fill entry for 2025-12-30 16:28:00
System gap fill entry for 2025-12-30 14:58:00
System gap fill entry for 2025-12-30 12:47:00
System gap fill entry for 2025-12-30 18:01:00
System gap fill entry for 2025-12-30 12:09:00
System gap fill entry for 2025-12-31 17:39:00
System gap fill entry for 2025-12-31 10:27:00
System gap fill entry for 2025-12-31 17:13:00
System gap fill entry for 2025-12-31 18:04:00
System gap fill entry for 2025-12-31 19:37:00
System gap fill entry for 2025-12-31 19:38:00
System gap fill entry for 2025-12-31 15:35:00
System gap fill entry for 2025-12-31 17:19:00
System gap fill entry for 2025-12-31 10:57:00
System gap fill entry for 2025-12-31 16:14:00
System gap fill entry for 2025-12-31 15:31:00
System gap fill entry for 2025-12-31 10:46:00
System gap fill entry for 2025-12-31 16:52:00
System gap fill entry for 2025-12-31 12:51:00
System gap fill entry for 2026-01-01 10:41:00
System gap fill entry for 2026-01-01 15:38:00
System gap fill entry for 2026-01-01 16:38:00
System gap fill entry for 2026-01-01 12:03:00
System gap fill entry for 2026-01-01 17:03:00
System gap fill entry for 2026-01-01 10:21:00
System gap fill entry for 2026-01-01 10:12:00
System gap fill entry for 2026-01-01 17:49:00
System gap fill entry for 2026-01-01 17:59:00
System gap fill entry for 2026-01-01 12:02:00
System gap fill entry for 2026-01-01 10:08:00
System gap fill entry for 2026-01-01 13:36:00
System gap fill entry for 2026-01-01 18:59:00
System gap fill entry for 2026-01-01 11:48:00
System gap fill entry for 2026-01-02 11:12:00
System gap fill entry for 2026-01-02 10:40:00
System gap fill entry for 2026-01-02 16:14:00
System gap fill entry for 2026-01-02 12:03:00
System gap fill entry for 2026-01-02 15:04:00
System gap fill entry for 2026-01-02 13:15:00
System gap fill entry for 2026-01-02 14:36:00
System gap fill entry for 2026-01-02 13:53:00
System gap fill entry for 2026-01-02 16:44:00
System gap fill entry for 2026-01-02 10:38:00
System gap fill entry for 2026-01-02 18:42:00
System gap fill entry for 2026-01-02 16:34:00
System gap fill entry for 2026-01-02 10:02:00
System gap fill entry for 2026-01-02 17:17:00
System gap fill entry for 2026-01-03 10:58:00
System gap fill entry for 2026-01-03 15:16:00
System gap fill entry for 2026-01-03 16:30:00
System gap fill entry for 2026-01-03 10:40:00
System gap fill entry for 2026-01-03 18:25:00
System gap fill entry for 2026-01-03 16:22:00
System gap fill entry for 2026-01-03 12:17:00
System gap fill entry for 2026-01-03 10:05:00
System gap fill entry for 2026-01-03 13:35:00
System gap fill entry for 2026-01-03 13:38:00
System gap fill entry for 2026-01-04 14:48:00
System gap fill entry for 2026-01-04 14:23:00
System gap fill entry for 2026-01-04 12:10:00
System gap fill entry for 2026-01-04 10:53:00
System gap fill entry for 2026-01-04 12:45:00
System gap fill entry for 2026-01-04 10:40:00
System gap fill entry for 2026-01-04 19:05:00
System gap fill entry for 2026-01-04 11:30:00
System gap fill entry for 2026-01-04 15:03:00
System gap fill entry for 2026-01-04 17:54:00
System gap fill entry for 2026-01-04 16:08:00
System gap fill entry for 2026-01-04 17:03:00
System gap fill entry for 2026-01-04 13:53:00
System gap fill entry for 2026-01-04 10:46:00
System gap fill entry for 2026-01-04 15:26:00
System gap fill entry for 2026-01-04 15:54:00
System gap fill entry for 2026-01-04 16:32:00
System gap fill entry for 2026-01-04 11:07:00
System gap fill entry for 2026-01-05 13:25:00
System gap fill entry for 2026-01-05 11:55:00
System gap fill entry for 2026-01-05 17:07:00
System gap fill entry for 2026-01-05 19:40:00
System gap fill entry for 2026-01-05 12:15:00
System gap fill entry for 2026-01-05 18:16:00
System gap fill entry for 2026-01-05 15:10:00
System gap fill entry for 2026-01-05 13:05:00
System gap fill entry for 2026-01-05 17:12:00
System gap fill entry for 2026-01-05 19:22:00
System gap fill entry for 2026-01-05 14:19:00
System gap fill entry for 2026-01-06 18:28:00
System gap fill entry for 2026-01-06 14:47:00
System gap fill entry for 2026-01-06 13:30:00
System gap fill entry for 2026-01-06 11:19:00
System gap fill entry for 2026-01-06 14:40:00
System gap fill entry for 2026-01-06 14:04:00
System gap fill entry for 2026-01-06 19:45:00
System gap fill entry for 2026-01-06 18:11:00
System gap fill entry for 2026-01-06 11:53:00
System gap fill entry for 2026-01-06 16:30:00
System gap fill entry for 2026-01-06 15:47:00
System gap fill entry for 2026-01-07 16:52:00
System gap fill entry for 2026-01-07 12:48:00
System gap fill entry for 2026-01-07 18:19:00
System gap fill entry for 2026-01-07 12:18:00
System gap fill entry for 2026-01-07 10:08:00
System gap fill entry for 2026-01-07 11:32:00
System gap fill entry for 2026-01-07 11:10:00
System gap fill entry for 2026-01-07 19:49:00
System gap fill entry for 2026-01-07 17:58:00
System gap fill entry for 2026-01-07 11:35:00
System gap fill entry for 2026-01-07 17:07:00
System gap fill entry for 2026-01-07 14:45:00
System gap fill entry for 2026-01-08 10:20:00
System gap fill entry for 2026-01-08 11:38:00
System gap fill entry for 2026-01-08 14:01:00
System gap fill entry for 2026-01-08 19:44:00
System gap fill entry for 2026-01-08 13:46:00
System gap fill entry for 2026-01-08 16:32:00
System gap fill entry for 2026-01-08 14:42:00
System gap fill entry for 2026-01-08 17:04:00
System gap fill entry for 2026-01-08 10:11:00
System gap fill entry for 2026-01-08 15:36:00
System gap fill entry for 2026-01-08 11:26:00
System gap fill entry for 2026-01-08 14:52:00
System gap fill entry for 2026-01-08 14:36:00
System gap fill entry for 2026-01-08 18:45:00
System gap fill entry for 2026-01-08 17:23:00
System gap fill entry for 2026-01-08 16:00:00
System gap fill entry for 2026-01-08 14:19:00
System gap fill entry for 2026-01-08 12:24:00
System gap fill entry for 2026-01-09 10:29:00
System gap fill entry for 2026-01-09 19:42:00
System gap fill entry for 2026-01-09 15:28:00
System gap fill entry for 2026-01-09 14:31:00
System gap fill entry for 2026-01-09 15:40:00
System gap fill entry for 2026-01-09 19:34:00
System gap fill entry for 2026-01-09 18:15:00
System gap fill entry for 2026-01-09 18:06:00
System gap fill entry for 2026-01-09 13:43:00
System gap fill entry for 2026-01-09 14:07:00
System gap fill entry for 2026-01-09 17:26:00
System gap fill entry for 2026-01-10 14:55:00
System gap fill entry for 2026-01-10 14:51:00
System gap fill entry for 2026-01-10 13:19:00
System gap fill entry for 2026-01-10 17:48:00
System gap fill entry for 2026-01-10 15:44:00
System gap fill entry for 2026-01-10 14:07:00
System gap fill entry for 2026-01-10 10:32:00
System gap fill entry for 2026-01-10 17:00:00
System gap fill entry for 2026-01-10 11:29:00
System gap fill entry for 2026-01-10 12:07:00
System gap fill entry for 2026-01-10 17:13:00
System gap fill entry for 2026-01-10 10:53:00
System gap fill entry for 2026-01-10 13:42:00
System gap fill entry for 2026-01-10 19:31:00
System gap fill entry for 2026-01-11 11:38:00
System gap fill entry for 2026-01-11 14:18:00
System gap fill entry for 2026-01-11 16:17:00
System gap fill entry for 2026-01-11 19:49:00
System gap fill entry for 2026-01-11 13:19:00
System gap fill entry for 2026-01-11 17:18:00
System gap fill entry for 2026-01-11 11:12:00
System gap fill entry for 2026-01-11 13:37:00
System gap fill entry for 2026-01-11 13:09:00
System gap fill entry for 2026-01-11 18:42:00
System gap fill entry for 2026-01-11 11:56:00
System gap fill entry for 2026-01-11 16:36:00
System gap fill entry for 2026-01-11 14:42:00
System gap fill entry for 2026-01-11 10:02:00
System gap fill entry for 2026-01-11 11:03:00
System gap fill entry for 2026-01-11 16:46:00
System gap fill entry for 2026-01-11 15:32:00
System gap fill entry for 2026-01-12 17:39:00
System gap fill entry for 2026-01-12 10:56:00
System gap fill entry for 2026-01-12 18:00:00
System gap fill entry for 2026-01-12 11:31:00
System gap fill entry for 2026-01-12 14:49:00
System gap fill entry for 2026-01-12 11:27:00
System gap fill entry for 2026-01-12 19:14:00
System gap fill entry for 2026-01-12 16:05:00
System gap fill entry for 2026-01-12 14:14:00
System gap fill entry for 2026-01-12 16:36:00
System gap fill entry for 2026-01-12 11:33:00
System gap fill entry for 2026-01-12 15:05:00
System gap fill entry for 2026-01-12 14:10:00
System gap fill entry for 2026-01-12 11:45:00
System gap fill entry for 2026-01-13 12:50:00
System gap fill entry for 2026-01-13 19:47:00
System gap fill entry for 2026-01-13 14:45:00
System gap fill entry for 2026-01-13 16:12:00
System gap fill entry for 2026-01-13 16:06:00
System gap fill entry for 2026-01-13 18:01:00
System gap fill entry for 2026-01-13 15:26:00
System gap fill entry for 2026-01-13 16:13:00
System gap fill entry for 2026-01-13 11:50:00
System gap fill entry for 2026-01-13 10:45:00
System gap fill entry for 2026-01-13 12:36:00
System gap fill entry for 2026-01-13 15:39:00
System gap fill entry for 2026-01-13 19:15:00
System gap fill entry for 2026-01-13 12:35:00
System gap fill entry for 2026-01-13 16:53:00
System gap fill entry for 2026-01-13 11:39:00
System gap fill entry for 2026-01-14 15:47:00
System gap fill entry for 2026-01-14 17:27:00
System gap fill entry for 2026-01-14 13:56:00
System gap fill entry for 2026-01-14 17:32:00
System gap fill entry for 2026-01-14 15:46:00
System gap fill entry for 2026-01-14 19:14:00
System gap fill entry for 2026-01-14 12:37:00
System gap fill entry for 2026-01-14 14:42:00
System gap fill entry for 2026-01-14 19:51:00
System gap fill entry for 2026-01-14 13:59:00
System gap fill entry for 2026-01-14 12:27:00
System gap fill entry for 2026-01-14 18:53:00
System gap fill entry for 2026-01-14 14:43:00
System gap fill entry for 2026-01-14 14:26:00
System gap fill entry for 2026-01-15 14:45:00
System gap fill entry for 2026-01-15 18:35:00
System gap fill entry for 2026-01-15 17:02:00
System gap fill entry for 2026-01-15 18:33:00
System gap fill entry for 2026-01-15 15:05:00
System gap fill entry for 2026-01-15 16:43:00
System gap fill entry for 2026-01-15 14:50:00
System gap fill entry for 2026-01-15 13:08:00
System gap fill entry for 2026-01-15 16:31:00
System gap fill entry for 2026-01-15 12:04:00
System gap fill entry for 2026-01-15 16:40:00
System gap fill entry for 2026-01-15 17:59:00
System gap fill entry for 2026-01-15 17:46:00
System gap fill entry for 2026-01-15 12:41:00
System gap fill entry for 2026-01-15 12:51:00
System gap fill entry for 2026-01-15 14:27:00
System gap fill entry for 2026-01-15 10:54:00
System gap fill entry for 2026-01-15 13:07:00
System gap fill entry for 2026-01-16 12:26:00
System gap fill entry for 2026-01-16 13:27:00
System gap fill entry for 2026-01-16 10:36:00
System gap fill entry for 2026-01-16 10:46:00
System gap fill entry for 2026-01-16 11:09:00
System gap fill entry for 2026-01-16 17:33:00
System gap fill entry for 2026-01-16 14:59:00
System gap fill entry for 2026-01-16 14:28:00
System gap fill entry for 2026-01-16 12:09:00
System gap fill entry for 2026-01-16 10:15:00
System gap fill entry for 2026-01-17 14:18:00
System gap fill entry for 2026-01-17 18:31:00
System gap fill entry for 2026-01-17 17:28:00
System gap fill entry for 2026-01-17 13:58:00
System gap fill entry for 2026-01-17 13:15:00
System gap fill entry for 2026-01-17 19:15:00
System gap fill entry for 2026-01-17 14:14:00
System gap fill entry for 2026-01-17 13:50:00
System gap fill entry for 2026-01-17 15:24:00
System gap fill entry for 2026-01-17 17:58:00
System gap fill entry for 2026-01-17 18:24:00
System gap fill entry for 2026-01-17 18:52:00
System gap fill entry for 2026-01-17 17:38:00
System gap fill entry for 2026-01-17 15:25:00
System gap fill entry for 2026-01-17 11:24:00
System gap fill entry for 2026-01-17 15:56:00
System gap fill entry for 2026-01-17 16:12:00
System gap fill entry for 2026-01-17 10:27:00
System gap fill entry for 2026-01-18 18:05:00
System gap fill entry for 2026-01-18 16:34:00
System gap fill entry for 2026-01-18 13:32:00
System gap fill entry for 2026-01-18 10:47:00
System gap fill entry for 2026-01-18 18:42:00
System gap fill entry for 2026-01-18 13:48:00
System gap fill entry for 2026-01-18 19:22:00
System gap fill entry for 2026-01-18 11:50:00
System gap fill entry for 2026-01-18 11:40:00
System gap fill entry for 2026-01-18 18:01:00
System gap fill entry for 2026-01-18 15:57:00
System gap fill entry for 2026-01-18 19:14:00
System gap fill entry for 2026-01-18 15:09:00
System gap fill entry for 2026-01-19 11:49:00
System gap fill entry for 2026-01-19 10:08:00
System gap fill entry for 2026-01-19 13:51:00
System gap fill entry for 2026-01-19 18:04:00
System gap fill entry for 2026-01-19 14:45:00
System gap fill entry for 2026-01-19 12:48:00
System gap fill entry for 2026-01-19 12:13:00
System gap fill entry for 2026-01-19 16:30:00
System gap fill entry for 2026-01-19 10:28:00
System gap fill entry for 2026-01-19 11:15:00
System gap fill entry for 2026-01-19 10:12:00
System gap fill entry for 2026-01-19 15:05:00
System gap fill entry for 2026-01-19 11:48:00
System gap fill entry for 2026-01-19 18:54:00
System gap fill entry for 2026-01-19 19:47:00
System gap fill entry for 2026-01-19 19:55:00
System gap fill entry for 2026-01-19 19:36:00
System gap fill entry for 2026-01-19 15:29:00
System gap fill entry for 2026-01-20 18:17:00
System gap fill entry for 2026-01-20 18:19:00
System gap fill entry for 2026-01-20 18:31:00
System gap fill entry for 2026-01-20 19:51:00
System gap fill entry for 2026-01-20 10:05:00
System gap fill entry for 2026-01-20 13:24:00
System gap fill entry for 2026-01-20 13:43:00
System gap fill entry for 2026-01-20 14:16:00
System gap fill entry for 2026-01-20 16:07:00
System gap fill entry for 2026-01-20 17:23:00
System gap fill entry for 2026-01-20 14:09:00
System gap fill entry for 2026-01-20 16:54:00
System gap fill entry for 2026-01-20 19:26:00
System gap fill entry for 2026-01-21 17:00:00
System gap fill entry for 2026-01-21 17:56:00
System gap fill entry for 2026-01-21 16:50:00
System gap fill entry for 2026-01-21 11:53:00
System gap fill entry for 2026-01-21 10:57:00
System gap fill entry for 2026-01-21 13:19:00
System gap fill entry for 2026-01-21 17:33:00
System gap fill entry for 2026-01-21 15:42:00
System gap fill entry for 2026-01-21 19:01:00
System gap fill entry for 2026-01-21 16:43:00
System gap fill entry for 2026-01-21 13:06:00
System gap fill entry for 2026-01-21 17:43:00
System gap fill entry for 2026-01-22 13:19:00
System gap fill entry for 2026-01-22 18:59:00
System gap fill entry for 2026-01-22 16:32:00
System gap fill entry for 2026-01-22 18:12:00
System gap fill entry for 2026-01-22 16:59:00
System gap fill entry for 2026-01-22 12:51:00
System gap fill entry for 2026-01-22 19:43:00
System gap fill entry for 2026-01-22 16:33:00
System gap fill entry for 2026-01-22 11:44:00
System gap fill entry for 2026-01-22 19:37:00
System gap fill entry for 2026-01-22 10:35:00
System gap fill entry for 2026-01-23 19:51:00
System gap fill entry for 2026-01-23 15:01:00
System gap fill entry for 2026-01-23 12:01:00
System gap fill entry for 2026-01-23 12:27:00
System gap fill entry for 2026-01-23 11:09:00
System gap fill entry for 2026-01-23 18:16:00
System gap fill entry for 2026-01-23 14:56:00
System gap fill entry for 2026-01-23 18:48:00
System gap fill entry for 2026-01-23 19:59:00
System gap fill entry for 2026-01-23 15:33:00
System gap fill entry for 2026-01-24 17:30:00
System gap fill entry for 2026-01-24 19:38:00
System gap fill entry for 2026-01-24 18:10:00
System gap fill entry for 2026-01-24 10:04:00
System gap fill entry for 2026-01-24 16:34:00
System gap fill entry for 2026-01-24 17:29:00
System gap fill entry for 2026-01-24 17:27:00
System gap fill entry for 2026-01-24 15:41:00
System gap fill entry for 2026-01-24 15:44:00
System gap fill entry for 2026-01-24 17:27:00
System gap fill entry for 2026-01-24 12:54:00
System gap fill entry for 2026-01-24 13:53:00
System gap fill entry for 2026-01-24 14:32:00
System gap fill entry for 2026-01-24 12:05:00
System gap fill entry for 2026-01-25 18:10:00
System gap fill entry for 2026-01-25 12:58:00
System gap fill entry for 2026-01-25 16:51:00
System gap fill entry for 2026-01-25 16:23:00
System gap fill entry for 2026-01-25 11:25:00
System gap fill entry for 2026-01-25 13:50:00
System gap fill entry for 2026-01-25 14:40:00
System gap fill entry for 2026-01-25 15:16:00
System gap fill entry for 2026-01-25 16:41:00
System gap fill entry for 2026-01-25 17:00:00
System gap fill entry for 2026-01-25 10:49:00
System gap fill entry for 2026-01-25 14:35:00
System gap fill entry for 2026-01-25 15:25:00
System gap fill entry for 2026-01-26 14:22:00
System gap fill entry for 2026-01-26 11:53:00
System gap fill entry for 2026-01-26 17:39:00
System gap fill entry for 2026-01-26 17:30:00
System gap fill entry for 2026-01-26 11:15:00
System gap fill entry for 2026-01-26 14:41:00
System gap fill entry for 2026-01-26 14:37:00
System gap fill entry for 2026-01-26 19:46:00
System gap fill entry for 2026-01-26 16:54:00
System gap fill entry for 2026-01-26 14:40:00
System gap fill entry for 2026-01-26 16:24:00
System gap fill entry for 2026-01-26 10:06:00
System gap fill entry for 2026-01-26 18:32:00
System gap fill entry for 2026-01-26 14:24:00
System gap fill entry for 2026-01-26 14:15:00
System gap fill entry for 2026-01-26 17:42:00
System gap fill entry for 2026-01-26 17:46:00
System gap fill entry for 2026-01-27 16:23:00
System gap fill entry for 2026-01-27 10:50:00
System gap fill entry for 2026-01-27 13:33:00
System gap fill entry for 2026-01-27 10:35:00
System gap fill entry for 2026-01-27 18:19:00
System gap fill entry for 2026-01-27 12:23:00
System gap fill entry for 2026-01-27 14:03:00
System gap fill entry for 2026-01-27 11:06:00
System gap fill entry for 2026-01-27 15:11:00
System gap fill entry for 2026-01-27 13:49:00
System gap fill entry for 2026-01-27 12:05:00
System gap fill entry for 2026-01-27 10:35:00
System gap fill entry for 2026-01-27 18:23:00
System gap fill entry for 2026-01-27 11:26:00
System gap fill entry for 2026-01-27 18:30:00
System gap fill entry for 2026-01-27 10:13:00
System gap fill entry for 2026-01-27 10:39:00
System gap fill entry for 2026-01-27 18:33:00
System gap fill entry for 2026-01-27 11:19:00
System gap fill entry for 2026-01-28 11:38:00
System gap fill entry for 2026-01-28 11:08:00
System gap fill entry for 2026-01-28 18:36:00
System gap fill entry for 2026-01-28 15:07:00
System gap fill entry for 2026-01-28 11:47:00
System gap fill entry for 2026-01-28 16:48:00
System gap fill entry for 2026-01-28 10:19:00
System gap fill entry for 2026-01-28 14:16:00
System gap fill entry for 2026-01-28 16:58:00
System gap fill entry for 2026-01-28 12:13:00
System gap fill entry for 2026-01-28 15:58:00
System gap fill entry for 2026-01-28 18:48:00
System gap fill entry for 2026-01-28 14:18:00
System gap fill entry for 2026-01-28 18:43:00
System gap fill entry for 2026-01-28 16:37:00
System gap fill entry for 2026-01-28 11:03:00
System gap fill entry for 2026-01-28 18:07:00
System gap fill entry for 2026-01-28 11:32:00
System gap fill entry for 2026-01-28 19:28:00
System gap fill entry for 2026-01-29 14:11:00
System gap fill entry for 2026-01-29 12:07:00
System gap fill entry for 2026-01-29 13:09:00
System gap fill entry for 2026-01-29 12:03:00
System gap fill entry for 2026-01-29 19:49:00
System gap fill entry for 2026-01-29 10:37:00
System gap fill entry for 2026-01-29 18:06:00
System gap fill entry for 2026-01-29 19:46:00
System gap fill entry for 2026-01-29 10:24:00
System gap fill entry for 2026-01-29 14:20:00
System gap fill entry for 2026-01-29 18:24:00
System gap fill entry for 2026-01-29 16:44:00
System gap fill entry for 2026-01-29 16:06:00
System gap fill entry for 2026-01-29 12:56:00
System gap fill entry for 2026-01-29 17:40:00
System gap fill entry for 2026-01-29 19:05:00
System gap fill entry for 2026-01-29 13:48:00
System gap fill entry for 2026-01-29 15:03:00
System gap fill entry for 2026-01-30 13:48:00
System gap fill entry for 2026-01-30 17:56:00
System gap fill entry for 2026-01-30 14:09:00
System gap fill entry for 2026-01-30 17:00:00
System gap fill entry for 2026-01-30 13:06:00
System gap fill entry for 2026-01-30 10:38:00
System gap fill entry for 2026-01-30 11:09:00
System gap fill entry for 2026-01-30 11:18:00
System gap fill entry for 2026-01-30 12:55:00
System gap fill entry for 2026-01-30 10:45:00
System gap fill entry for 2026-01-31 17:15:00
System gap fill entry for 2026-01-31 14:07:00
System gap fill entry for 2026-01-31 14:07:00
System gap fill entry for 2026-01-31 11:36:00
System gap fill entry for 2026-01-31 11:21:00
System gap fill entry for 2026-01-31 17:15:00
System gap fill entry for 2026-01-31 10:51:00
System gap fill entry for 2026-01-31 11:53:00
System gap fill entry for 2026-01-31 11:48:00
System gap fill entry for 2026-01-31 13:39:00
System gap fill entry for 2026-01-31 18:31:00
System gap fill entry for 2026-01-31 11:39:00
System gap fill entry for 2026-02-01 13:05:00
System gap fill entry for 2026-02-01 18:29:00
System gap fill entry for 2026-02-01 18:12:00
System gap fill entry for 2026-02-01 17:05:00
System gap fill entry for 2026-02-01 13:36:00
System gap fill entry for 2026-02-01 11:01:00
System gap fill entry for 2026-02-01 15:49:00
System gap fill entry for 2026-02-01 13:15:00
System gap fill entry for 2026-02-01 18:01:00
System gap fill entry for 2026-02-01 13:48:00
System gap fill entry for 2026-02-01 13:33:00
System gap fill entry for 2026-02-01 10:55:00
System gap fill entry for 2026-02-01 19:56:00
System gap fill entry for 2026-02-01 14:50:00
System gap fill entry for 2026-02-01 10:11:00
System gap fill entry for 2026-02-01 16:56:00
System gap fill entry for 2026-02-02 19:18:00
System gap fill entry for 2026-02-02 11:23:00
System gap fill entry for 2026-02-02 10:02:00
System gap fill entry for 2026-02-02 15:04:00
System gap fill entry for 2026-02-02 12:08:00
System gap fill entry for 2026-02-02 18:54:00
System gap fill entry for 2026-02-02 13:06:00
System gap fill entry for 2026-02-02 12:33:00
System gap fill entry for 2026-02-02 17:57:00
System gap fill entry for 2026-02-02 16:52:00
System gap fill entry for 2026-02-02 14:05:00
System gap fill entry for 2026-02-02 19:07:00
System gap fill entry for 2026-02-02 19:24:00
System gap fill entry for 2026-02-02 15:55:00
System gap fill entry for 2026-02-02 10:15:00
System gap fill entry for 2026-02-02 18:53:00
System gap fill entry for 2026-02-02 18:06:00
System gap fill entry for 2026-02-03 10:30:00
System gap fill entry for 2026-02-03 14:05:00
System gap fill entry for 2026-02-03 13:37:00
System gap fill entry for 2026-02-03 12:44:00
System gap fill entry for 2026-02-03 12:24:00
System gap fill entry for 2026-02-03 15:45:00
System gap fill entry for 2026-02-03 10:11:00
System gap fill entry for 2026-02-03 12:38:00
System gap fill entry for 2026-02-03 16:32:00
System gap fill entry for 2026-02-03 13:21:00
System gap fill entry for 2026-02-03 12:10:00
System gap fill entry for 2026-02-03 19:43:00
System gap fill entry for 2026-02-03 10:30:00
System gap fill entry for 2026-02-03 19:34:00
System gap fill entry for 2026-02-04 10:54:00
System gap fill entry for 2026-02-04 10:25:00
System gap fill entry for 2026-02-04 14:01:00
System gap fill entry for 2026-02-04 18:52:00
System gap fill entry for 2026-02-04 10:21:00
System gap fill entry for 2026-02-04 16:53:00
System gap fill entry for 2026-02-04 13:29:00
System gap fill entry for 2026-02-04 12:03:00
System gap fill entry for 2026-02-04 19:12:00
System gap fill entry for 2026-02-04 17:38:00
System gap fill entry for 2026-02-04 17:01:00
System gap fill entry for 2026-02-04 10:13:00
System gap fill entry for 2026-02-04 13:22:00
System gap fill entry for 2026-02-04 16:33:00
System gap fill entry for 2026-02-04 17:19:00
System gap fill entry for 2026-02-04 17:06:00
System gap fill entry for 2026-02-04 11:14:00
System gap fill entry for 2026-02-04 10:45:00
System gap fill entry for 2026-02-04 11:59:00
System gap fill entry for 2026-02-05 18:52:00
System gap fill entry for 2026-02-05 15:39:00
System gap fill entry for 2026-02-05 16:02:00
System gap fill entry for 2026-02-05 18:56:00
System gap fill entry for 2026-02-05 14:31:00
System gap fill entry for 2026-02-05 10:13:00
System gap fill entry for 2026-02-05 14:36:00
System gap fill entry for 2026-02-05 15:50:00
System gap fill entry for 2026-02-05 13:27:00
System gap fill entry for 2026-02-05 14:19:00
System gap fill entry for 2026-02-06 19:58:00
System gap fill entry for 2026-02-06 18:51:00
System gap fill entry for 2026-02-06 14:28:00
System gap fill entry for 2026-02-06 11:46:00
System gap fill entry for 2026-02-06 14:54:00
System gap fill entry for 2026-02-06 13:41:00
System gap fill entry for 2026-02-06 10:12:00
System gap fill entry for 2026-02-06 10:23:00
System gap fill entry for 2026-02-06 16:44:00
System gap fill entry for 2026-02-06 19:12:00
System gap fill entry for 2026-02-06 13:47:00
System gap fill entry for 2026-02-06 11:42:00
System gap fill entry for 2026-02-06 13:29:00
System gap fill entry for 2026-02-06 12:29:00
System gap fill entry for 2026-02-07 17:28:00
System gap fill entry for 2026-02-07 19:21:00
System gap fill entry for 2026-02-07 11:14:00
System gap fill entry for 2026-02-07 15:54:00
System gap fill entry for 2026-02-07 19:27:00
System gap fill entry for 2026-02-07 13:18:00
System gap fill entry for 2026-02-07 11:55:00
System gap fill entry for 2026-02-07 13:36:00
System gap fill entry for 2026-02-07 11:44:00
System gap fill entry for 2026-02-07 14:22:00
System gap fill entry for 2026-02-07 14:29:00
System gap fill entry for 2026-02-07 19:26:00
System gap fill entry for 2026-02-07 15:53:00
System gap fill entry for 2026-02-08 19:25:00
System gap fill entry for 2026-02-08 16:46:00
System gap fill entry for 2026-02-08 13:52:00
System gap fill entry for 2026-02-08 18:51:00
System gap fill entry for 2026-02-08 13:12:00
System gap fill entry for 2026-02-08 10:36:00
System gap fill entry for 2026-02-08 19:49:00
System gap fill entry for 2026-02-08 15:59:00
System gap fill entry for 2026-02-08 14:10:00
System gap fill entry for 2026-02-08 12:24:00
System gap fill entry for 2026-02-08 16:10:00
System gap fill entry for 2026-02-08 17:36:00
System gap fill entry for 2026-02-10 16:43:00
System gap fill entry for 2026-02-10 17:02:00
System gap fill entry for 2026-02-10 16:09:00
System gap fill entry for 2026-02-10 13:47:00
System gap fill entry for 2026-02-10 15:54:00
System gap fill entry for 2026-02-10 15:35:00
System gap fill entry for 2026-02-10 10:10:00
System gap fill entry for 2026-02-10 19:32:00
System gap fill entry for 2026-02-10 10:42:00
System gap fill entry for 2026-02-10 12:23:00
System gap fill entry for 2026-02-10 16:36:00
System gap fill entry for 2026-02-10 17:15:00
System gap fill entry for 2026-02-10 13:02:00
System gap fill entry for 2026-02-10 18:12:00
System gap fill entry for 2026-02-11 18:34:00
System gap fill entry for 2026-02-11 17:58:00
System gap fill entry for 2026-02-11 16:10:00
System gap fill entry for 2026-02-11 19:18:00
System gap fill entry for 2026-02-11 14:16:00
System gap fill entry for 2026-02-11 13:32:00
System gap fill entry for 2026-02-11 19:50:00
System gap fill entry for 2026-02-11 17:30:00
System gap fill entry for 2026-02-11 17:11:00
System gap fill entry for 2026-02-11 18:44:00
System gap fill entry for 2026-02-11 18:12:00
System gap fill entry for 2026-02-11 15:45:00
System gap fill entry for 2026-02-11 19:19:00
System gap fill entry for 2026-02-11 17:19:00
System gap fill entry for 2026-02-11 13:07:00
System gap fill entry for 2026-02-11 16:07:00
System gap fill entry for 2026-02-11 15:52:00
System gap fill entry for 2026-02-11 13:24:00
System gap fill entry for 2026-02-12 12:30:00
System gap fill entry for 2026-02-12 16:16:00
System gap fill entry for 2026-02-12 19:48:00
System gap fill entry for 2026-02-12 12:53:00
System gap fill entry for 2026-02-12 13:41:00
System gap fill entry for 2026-02-12 18:27:00
System gap fill entry for 2026-02-12 16:21:00
System gap fill entry for 2026-02-12 16:02:00
System gap fill entry for 2026-02-12 19:03:00
System gap fill entry for 2026-02-12 19:17:00
System gap fill entry for 2026-02-12 19:29:00
System gap fill entry for 2026-02-12 13:02:00
System gap fill entry for 2026-02-12 18:10:00
System gap fill entry for 2026-02-12 15:43:00
System gap fill entry for 2026-02-12 14:58:00
System gap fill entry for 2026-02-13 16:16:00
System gap fill entry for 2026-02-13 10:51:00
System gap fill entry for 2026-02-13 19:25:00
System gap fill entry for 2026-02-13 19:42:00
System gap fill entry for 2026-02-13 17:10:00
System gap fill entry for 2026-02-13 12:32:00
System gap fill entry for 2026-02-13 16:34:00
System gap fill entry for 2026-02-13 19:35:00
System gap fill entry for 2026-02-13 14:33:00
System gap fill entry for 2026-02-13 13:31:00
System gap fill entry for 2026-02-13 10:47:00
System gap fill entry for 2026-02-13 10:11:00
System gap fill entry for 2026-02-13 14:06:00
System gap fill entry for 2026-02-13 12:25:00
System gap fill entry for 2026-02-13 18:05:00
System gap fill entry for 2026-02-13 17:37:00
System gap fill entry for 2026-02-13 12:06:00
System gap fill entry for 2026-02-13 19:44:00
System gap fill entry for 2026-02-14 10:23:00
System gap fill entry for 2026-02-14 18:33:00
System gap fill entry for 2026-02-14 13:43:00
System gap fill entry for 2026-02-14 15:10:00
System gap fill entry for 2026-02-14 14:23:00
System gap fill entry for 2026-02-14 13:32:00
System gap fill entry for 2026-02-14 10:17:00
System gap fill entry for 2026-02-14 16:53:00
System gap fill entry for 2026-02-14 19:19:00
System gap fill entry for 2026-02-14 12:35:00
System gap fill entry for 2026-02-14 16:42:00
System gap fill entry for 2026-02-15 16:20:00
System gap fill entry for 2026-02-15 11:39:00
System gap fill entry for 2026-02-15 10:28:00
System gap fill entry for 2026-02-15 18:32:00
System gap fill entry for 2026-02-15 11:10:00
System gap fill entry for 2026-02-15 18:20:00
System gap fill entry for 2026-02-15 12:21:00
System gap fill entry for 2026-02-15 14:24:00
System gap fill entry for 2026-02-15 19:23:00
System gap fill entry for 2026-02-15 17:24:00
System gap fill entry for 2026-02-15 12:01:00
System gap fill entry for 2026-02-15 17:07:00
System gap fill entry for 2026-02-15 17:44:00
System gap fill entry for 2026-02-15 17:24:00
System gap fill entry for 2026-02-16 10:23:00
System gap fill entry for 2026-02-16 15:12:00
System gap fill entry for 2026-02-16 15:17:00
System gap fill entry for 2026-02-16 18:44:00
System gap fill entry for 2026-02-16 14:41:00
System gap fill entry for 2026-02-16 19:35:00
System gap fill entry for 2026-02-16 11:52:00
System gap fill entry for 2026-02-16 12:28:00
System gap fill entry for 2026-02-16 12:02:00
System gap fill entry for 2026-02-16 16:49:00
System gap fill entry for 2026-02-16 17:51:00
System gap fill entry for 2026-02-17 13:13:00
System gap fill entry for 2026-02-17 18:06:00
System gap fill entry for 2026-02-17 10:01:00
System gap fill entry for 2026-02-17 15:33:00
System gap fill entry for 2026-02-17 19:23:00
System gap fill entry for 2026-02-17 19:50:00
System gap fill entry for 2026-02-17 16:34:00
System gap fill entry for 2026-02-17 17:50:00
System gap fill entry for 2026-02-17 16:21:00
System gap fill entry for 2026-02-17 19:45:00
System gap fill entry for 2026-02-17 19:44:00
System gap fill entry for 2026-02-17 14:53:00
System gap fill entry for 2026-02-17 18:21:00
System gap fill entry for 2026-02-17 16:57:00
System gap fill entry for 2026-02-17 19:31:00
System gap fill entry for 2026-02-17 14:29:00
System gap fill entry for 2026-02-17 15:55:00
System gap fill entry for 2026-02-18 15:04:00
System gap fill entry for 2026-02-18 13:58:00
System gap fill entry for 2026-02-18 11:50:00
System gap fill entry for 2026-02-18 10:30:00
System gap fill entry for 2026-02-18 11:38:00
System gap fill entry for 2026-02-18 10:58:00
System gap fill entry for 2026-02-18 15:52:00
System gap fill entry for 2026-02-18 11:07:00
System gap fill entry for 2026-02-18 18:10:00
System gap fill entry for 2026-02-18 19:58:00
System gap fill entry for 2026-02-18 16:50:00
System gap fill entry for 2026-02-18 14:16:00
System gap fill entry for 2026-02-18 18:18:00
System gap fill entry for 2026-02-18 16:33:00
System gap fill entry for 2026-02-18 19:13:00
System gap fill entry for 2026-02-18 15:34:00
System gap fill entry for 2026-02-19 15:11:00
System gap fill entry for 2026-02-19 19:19:00
System gap fill entry for 2026-02-19 18:27:00
System gap fill entry for 2026-02-19 15:10:00
System gap fill entry for 2026-02-19 18:06:00
System gap fill entry for 2026-02-19 19:27:00
System gap fill entry for 2026-02-19 16:15:00
System gap fill entry for 2026-02-19 17:30:00
System gap fill entry for 2026-02-19 15:15:00
System gap fill entry for 2026-02-19 11:01:00
System gap fill entry for 2026-02-20 15:12:00
System gap fill entry for 2026-02-20 17:38:00
System gap fill entry for 2026-02-20 19:51:00
System gap fill entry for 2026-02-20 16:10:00
System gap fill entry for 2026-02-20 11:15:00
System gap fill entry for 2026-02-20 11:03:00
System gap fill entry for 2026-02-20 17:40:00
System gap fill entry for 2026-02-20 15:19:00
System gap fill entry for 2026-02-20 13:57:00
System gap fill entry for 2026-02-20 15:37:00
System gap fill entry for 2026-02-20 19:18:00
System gap fill entry for 2026-02-20 11:24:00
System gap fill entry for 2026-02-20 13:51:00
System gap fill entry for 2026-02-20 14:46:00
System gap fill entry for 2026-02-20 17:35:00
System gap fill entry for 2026-02-20 16:21:00
System gap fill entry for 2026-02-20 12:43:00
System gap fill entry for 2026-02-20 14:32:00
System gap fill entry for 2026-02-21 13:44:00
System gap fill entry for 2026-02-21 19:44:00
System gap fill entry for 2026-02-21 13:38:00
System gap fill entry for 2026-02-21 13:58:00
System gap fill entry for 2026-02-21 10:33:00
System gap fill entry for 2026-02-21 14:13:00
System gap fill entry for 2026-02-21 12:29:00
System gap fill entry for 2026-02-21 15:53:00
System gap fill entry for 2026-02-21 11:17:00
System gap fill entry for 2026-02-21 16:48:00
System gap fill entry for 2026-02-21 18:06:00
System gap fill entry for 2026-02-21 17:30:00
System gap fill entry for 2026-02-21 13:15:00
System gap fill entry for 2026-02-21 18:03:00
System gap fill entry for 2026-02-21 17:38:00
System gap fill entry for 2026-02-21 11:11:00

Gap filler initialized on 2026-03-12 19:55:09.296468.
System gap fill entry for 2025-12-01 13:23:00
System gap fill entry for 2025-12-01 14:48:00
System gap fill entry for 2025-12-01 13:32:00
System gap fill entry for 2025-12-01 13:06:00
System gap fill entry for 2025-12-01 12:21:00
System gap fill entry for 2025-12-01 16:58:00
System gap fill entry for 2025-12-01 14:53:00
System gap fill entry for 2025-12-01 10:59:00
System gap fill entry for 2025-12-01 14:31:00
System gap fill entry for 2025-12-01 19:55:00
System gap fill entry for 2025-12-01 19:18:00
System gap fill entry for 2025-12-01 19:02:00
System gap fill entry for 2025-12-01 12:08:00
System gap fill entry for 2025-12-01 16:46:00
System gap fill entry for 2025-12-01 11:49:00
System gap fill entry for 2025-12-01 13:24:00
System gap fill entry for 2025-12-01 17:53:00
System gap fill entry for 2025-12-02 18:26:00
System gap fill entry for 2025-12-02 16:04:00
System gap fill entry for 2025-12-02 14:21:00
System gap fill entry for 2025-12-02 13:30:00
System gap fill entry for 2025-12-02 13:42:00
System gap fill entry for 2025-12-02 14:01:00
System gap fill entry for 2025-12-02 13:20:00
System gap fill entry for 2025-12-02 17:21:00
System gap fill entry for 2025-12-02 10:34:00
System gap fill entry for 2025-12-02 18:54:00
System gap fill entry for 2025-12-02 10:07:00
System gap fill entry for 2025-12-02 19:13:00
System gap fill entry for 2025-12-02 11:05:00
System gap fill entry for 2025-12-03 19:57:00
System gap fill entry for 2025-12-03 16:15:00
System gap fill entry for 2025-12-03 12:36:00
System gap fill entry for 2025-12-03 15:03:00
System gap fill entry for 2025-12-03 14:41:00
System gap fill entry for 2025-12-03 18:12:00
System gap fill entry for 2025-12-03 12:27:00
System gap fill entry for 2025-12-03 19:14:00
System gap fill entry for 2025-12-03 12:43:00
System gap fill entry for 2025-12-03 16:43:00
System gap fill entry for 2025-12-03 13:18:00
System gap fill entry for 2025-12-03 11:21:00
System gap fill entry for 2025-12-03 14:09:00
System gap fill entry for 2025-12-03 14:30:00
System gap fill entry for 2025-12-03 18:49:00
System gap fill entry for 2025-12-03 12:07:00
System gap fill entry for 2025-12-03 13:02:00
System gap fill entry for 2025-12-04 15:56:00
System gap fill entry for 2025-12-04 16:19:00
System gap fill entry for 2025-12-04 19:38:00
System gap fill entry for 2025-12-04 12:33:00
System gap fill entry for 2025-12-04 11:00:00
System gap fill entry for 2025-12-04 12:40:00
System gap fill entry for 2025-12-04 18:52:00
System gap fill entry for 2025-12-04 18:51:00
System gap fill entry for 2025-12-04 19:42:00
System gap fill entry for 2025-12-04 18:39:00
System gap fill entry for 2025-12-04 14:35:00
System gap fill entry for 2025-12-04 17:06:00
System gap fill entry for 2025-12-05 10:12:00
System gap fill entry for 2025-12-05 18:50:00
